<?xml version="1.0" encoding="UTF-8"?>
<testng-results ignored="0" total="3" passed="3" failed="0" skipped="0">
  <reporter-output>
    <line>
      <![CDATA[openBrowser]]>
    </line>
    <line>
      <![CDATA[login]]>
    </line>
    <line>
      <![CDATA[CreateCustomer Has Been Started]]>
    </line>
    <line>
      <![CDATA[actiTIME - User List]]>
    </line>
    <line>
      <![CDATA[createcustomer]]>
    </line>
    <line>
      <![CDATA[CreateCustomer Has Been Passed]]>
    </line>
    <line>
      <![CDATA[logout]]>
    </line>
    <line>
      <![CDATA[login]]>
    </line>
    <line>
      <![CDATA[modifyCustomer Has Been Started]]>
    </line>
    <line>
      <![CDATA[modifyCustomer]]>
    </line>
    <line>
      <![CDATA[modifyCustomer Has Been Passed]]>
    </line>
    <line>
      <![CDATA[logout]]>
    </line>
    <line>
      <![CDATA[login]]>
    </line>
    <line>
      <![CDATA[deleteCustomer Has Been Started]]>
    </line>
    <line>
      <![CDATA[modifyCustomer]]>
    </line>
    <line>
      <![CDATA[deleteCustomer Has Been Passed]]>
    </line>
    <line>
      <![CDATA[logout]]>
    </line>
    <line>
      <![CDATA[closeBrowser]]>
    </line>
  </reporter-output>
  <suite started-at="2024-05-12T22:34:39 IST" name="Default suite" finished-at="2024-05-12T22:34:45 IST" duration-ms="5900">
    <groups>
      <group name="regressiontest">
        <method signature="CustomerModule.CreateCustomer()[pri:0, instance:com.actitime.testscript.CustomerModule@6404f418]" name="CreateCustomer" class="com.actitime.testscript.CustomerModule"/>
        <method signature="CustomerModule.deleteCustomer()[pri:0, instance:com.actitime.testscript.CustomerModule@6404f418]" name="deleteCustomer" class="com.actitime.testscript.CustomerModule"/>
        <method signature="CustomerModule.modifyCustomer()[pri:0, instance:com.actitime.testscript.CustomerModule@6404f418]" name="modifyCustomer" class="com.actitime.testscript.CustomerModule"/>
      </group> <!-- regressiontest -->
      <group name="smoketest">
        <method signature="CustomerModule.CreateCustomer()[pri:0, instance:com.actitime.testscript.CustomerModule@6404f418]" name="CreateCustomer" class="com.actitime.testscript.CustomerModule"/>
      </group> <!-- smoketest -->
    </groups>
    <test started-at="2024-05-12T22:34:39 IST" name="Default test" finished-at="2024-05-12T22:34:45 IST" duration-ms="5900">
      <class name="com.actitime.testscript.CustomerModule">
        <test-method is-config="true" signature="openBrowser()[pri:0, instance:com.actitime.testscript.CustomerModule@6404f418]" started-at="2024-05-12T22:34:39 IST" name="openBrowser" finished-at="2024-05-12T22:34:41 IST" duration-ms="1714" status="PASS">
          <reporter-output>
            <line>
              <![CDATA[openBrowser]]>
            </line>
          </reporter-output>
        </test-method> <!-- openBrowser -->
        <test-method is-config="true" signature="login()[pri:0, instance:com.actitime.testscript.CustomerModule@6404f418]" started-at="2024-05-12T22:34:41 IST" name="login" finished-at="2024-05-12T22:34:41 IST" duration-ms="238" status="PASS">
          <reporter-output>
            <line>
              <![CDATA[login]]>
            </line>
          </reporter-output>
        </test-method> <!-- login -->
        <test-method signature="CreateCustomer()[pri:0, instance:com.actitime.testscript.CustomerModule@6404f418]" started-at="2024-05-12T22:34:41 IST" name="CreateCustomer" finished-at="2024-05-12T22:34:43 IST" duration-ms="1440" status="PASS">
          <reporter-output>
            <line>
              <![CDATA[CreateCustomer Has Been Started]]>
            </line>
            <line>
              <![CDATA[actiTIME - User List]]>
            </line>
            <line>
              <![CDATA[createcustomer]]>
            </line>
            <line>
              <![CDATA[CreateCustomer Has Been Passed]]>
            </line>
          </reporter-output>
        </test-method> <!-- CreateCustomer -->
        <test-method is-config="true" signature="logout()[pri:0, instance:com.actitime.testscript.CustomerModule@6404f418]" started-at="2024-05-12T22:34:43 IST" name="logout" finished-at="2024-05-12T22:34:43 IST" duration-ms="120" status="PASS">
          <reporter-output>
            <line>
              <![CDATA[logout]]>
            </line>
          </reporter-output>
        </test-method> <!-- logout -->
        <test-method is-config="true" signature="login()[pri:0, instance:com.actitime.testscript.CustomerModule@6404f418]" started-at="2024-05-12T22:34:43 IST" name="login" finished-at="2024-05-12T22:34:43 IST" duration-ms="131" status="PASS">
          <reporter-output>
            <line>
              <![CDATA[login]]>
            </line>
          </reporter-output>
        </test-method> <!-- login -->
        <test-method signature="modifyCustomer()[pri:0, instance:com.actitime.testscript.CustomerModule@6404f418]" started-at="2024-05-12T22:34:43 IST" name="modifyCustomer" finished-at="2024-05-12T22:34:43 IST" duration-ms="1" status="PASS">
          <reporter-output>
            <line>
              <![CDATA[modifyCustomer Has Been Started]]>
            </line>
            <line>
              <![CDATA[modifyCustomer]]>
            </line>
            <line>
              <![CDATA[modifyCustomer Has Been Passed]]>
            </line>
          </reporter-output>
        </test-method> <!-- modifyCustomer -->
        <test-method is-config="true" signature="logout()[pri:0, instance:com.actitime.testscript.CustomerModule@6404f418]" started-at="2024-05-12T22:34:43 IST" name="logout" finished-at="2024-05-12T22:34:44 IST" duration-ms="915" status="PASS">
          <reporter-output>
            <line>
              <![CDATA[logout]]>
            </line>
          </reporter-output>
        </test-method> <!-- logout -->
        <test-method is-config="true" signature="login()[pri:0, instance:com.actitime.testscript.CustomerModule@6404f418]" started-at="2024-05-12T22:34:44 IST" name="login" finished-at="2024-05-12T22:34:44 IST" duration-ms="138" status="PASS">
          <reporter-output>
            <line>
              <![CDATA[login]]>
            </line>
          </reporter-output>
        </test-method> <!-- login -->
        <test-method signature="deleteCustomer()[pri:0, instance:com.actitime.testscript.CustomerModule@6404f418]" started-at="2024-05-12T22:34:44 IST" name="deleteCustomer" finished-at="2024-05-12T22:34:44 IST" depends-on-methods="com.actitime.testscript.CustomerModule.CreateCustomer" duration-ms="1" status="PASS">
          <reporter-output>
            <line>
              <![CDATA[deleteCustomer Has Been Started]]>
            </line>
            <line>
              <![CDATA[modifyCustomer]]>
            </line>
            <line>
              <![CDATA[deleteCustomer Has Been Passed]]>
            </line>
          </reporter-output>
        </test-method> <!-- deleteCustomer -->
        <test-method is-config="true" signature="logout()[pri:0, instance:com.actitime.testscript.CustomerModule@6404f418]" started-at="2024-05-12T22:34:44 IST" name="logout" finished-at="2024-05-12T22:34:45 IST" duration-ms="922" status="PASS">
          <reporter-output>
            <line>
              <![CDATA[logout]]>
            </line>
          </reporter-output>
        </test-method> <!-- logout -->
        <test-method is-config="true" signature="closeBrowser()[pri:0, instance:com.actitime.testscript.CustomerModule@6404f418]" started-at="2024-05-12T22:34:45 IST" name="closeBrowser" finished-at="2024-05-12T22:34:45 IST" duration-ms="246" status="PASS">
          <reporter-output>
            <line>
              <![CDATA[closeBrowser]]>
            </line>
          </reporter-output>
        </test-method> <!-- closeBrowser -->
      </class> <!-- com.actitime.testscript.CustomerModule -->
    </test> <!-- Default test -->
  </suite> <!-- Default suite -->
</testng-results>
