<?xml version="1.0" encoding="UTF-8"?>
<!-- Generated by org.testng.reporters.JUnitXMLReporter -->
<testsuite ignored="0" hostname="Arun" failures="0" tests="3" name="Default test" time="5.9" errors="0" timestamp="2024-05-12T22:34:45 IST">
  <testcase classname="com.actitime.testscript.CustomerModule" name="CreateCustomer" time="1.44"/>
  <testcase classname="com.actitime.testscript.CustomerModule" name="modifyCustomer" time="0.001"/>
  <testcase classname="com.actitime.testscript.CustomerModule" name="deleteCustomer" time="0.001"/>
</testsuite> <!-- Default test -->
